#
# There is insufficient memory for the Java Runtime Environment to continue.
# Native memory allocation (malloc) failed to allocate 1048576 bytes for AllocateHeap
# Possible reasons:
#   The system is out of physical RAM or swap space
#   In 32 bit mode, the process size limit was hit
# Possible solutions:
#   Reduce memory load on the system
#   Increase physical memory or swap space
#   Check if swap backing store is full
#   Use 64 bit Java on a 64 bit OS
#   Decrease Java heap size (-Xmx/-Xms)
#   Decrease number of Java threads
#   Decrease Java thread stack sizes (-Xss)
#   Set larger code cache with -XX:ReservedCodeCacheSize=
# This output file may be truncated or incomplete.
#
#  Out of Memory Error (memory/allocation.inline.hpp:61), pid=17864, tid=9984
#
# JRE version:  (7.0_71-b14) (build )
# Java VM: Java HotSpot(TM) 64-Bit Server VM (24.71-b01 mixed mode windows-amd64 compressed oops)
# Failed to write core dump. Minidumps are not enabled by default on client versions of Windows
#

---------------  T H R E A D  ---------------

Current thread (0x0000000002d3e000):  JavaThread "Unknown thread" [_thread_in_vm, id=9984, stack(0x0000000002d40000,0x0000000002e40000)]

Stack: [0x0000000002d40000,0x0000000002e40000]

---------------  P R O C E S S  ---------------

Java Threads: ( => current thread )

Other Threads:

=>0x0000000002d3e000 (exited) JavaThread "Unknown thread" [_thread_in_vm, id=9984, stack(0x0000000002d40000,0x0000000002e40000)]

VM state:not at safepoint (normal execution)

VM Mutex/Monitor currently owned by a thread: None

Heap
 PSYoungGen      total 38400K, used 665K [0x00000007aaa80000, 0x00000007ad500000, 0x0000000800000000)
  eden space 33280K, 2% used [0x00000007aaa80000,0x00000007aab266b8,0x00000007acb00000)
  from space 5120K, 0% used [0x00000007ad000000,0x00000007ad000000,0x00000007ad500000)
  to   space 5120K, 0% used [0x00000007acb00000,0x00000007acb00000,0x00000007ad000000)
 ParOldGen       total 86016K, used 0K [0x0000000700000000, 0x0000000705400000, 0x00000007aaa80000)
  object space 86016K, 0% used [0x0000000700000000,0x0000000700000000,0x0000000705400000)
 PSPermGen       total 21504K, used 694K [0x00000006fae00000, 0x00000006fc300000, 0x0000000700000000)
  object space 21504K, 3% used [0x00000006fae00000,0x00000006faead9f8,0x00000006fc300000)

Card table byte_map: [0x0000000006000000,0x0000000006830000] byte_map_base: 0x0000000002829000

Polling page: 0x00000000014c0000

Code Cache  [0x0000000002f40000, 0x00000000031b0000, 0x0000000005f40000)
 total_blobs=38 nmethods=0 adapters=20 free_code_cache=48889Kb largest_free_block=50062528

Compilation events (0 events):
No events

GC Heap History (0 events):
No events

Deoptimization events (0 events):
No events

Internal exceptions (0 events):
No events

Events (10 events):
Event: 0.215 loading class 0x0000000002e87c80
Event: 0.215 loading class 0x0000000002e87c80 done
Event: 0.215 loading class 0x0000000002e87cd0
Event: 0.216 loading class 0x0000000002e87cd0 done
Event: 0.216 loading class 0x0000000002e87d20
Event: 0.216 loading class 0x0000000002e87d20 done
Event: 0.217 loading class 0x0000000002e88a80
Event: 0.217 loading class 0x0000000002e88a80 done
Event: 0.217 loading class 0x0000000002e886a0
Event: 0.217 loading class 0x0000000002e886a0 done


Dynamic libraries:
0x00007ff703c30000 - 0x00007ff703c63000 	C:\Program Files\Java\jdk1.7.0_71\bin\java.exe
0x00007ff871f40000 - 0x00007ff872101000 	C:\WINDOWS\SYSTEM32\ntdll.dll
0x00007ff86f6f0000 - 0x00007ff86f79d000 	C:\WINDOWS\system32\KERNEL32.DLL
0x00007ff86ed00000 - 0x00007ff86eee8000 	C:\WINDOWS\system32\KERNELBASE.dll
0x00007ff86cd50000 - 0x00007ff86cdc9000 	C:\WINDOWS\system32\apphelp.dll
0x00007ff871e80000 - 0x00007ff871f27000 	C:\WINDOWS\system32\ADVAPI32.dll
0x00007ff870760000 - 0x00007ff8707fd000 	C:\WINDOWS\system32\msvcrt.dll
0x00007ff86f340000 - 0x00007ff86f39b000 	C:\WINDOWS\system32\sechost.dll
0x00007ff870290000 - 0x00007ff8703ac000 	C:\WINDOWS\system32\RPCRT4.dll
0x00007ff86fbe0000 - 0x00007ff86fd36000 	C:\WINDOWS\system32\USER32.dll
0x00007ff86f3a0000 - 0x00007ff86f526000 	C:\WINDOWS\system32\GDI32.dll
0x00007ff858b20000 - 0x00007ff858d94000 	C:\WINDOWS\WinSxS\amd64_microsoft.windows.common-controls_6595b64144ccf1df_6.0.10586.494_none_a2d8b04ea53e3145\COMCTL32.dll
0x00007ff8703b0000 - 0x00007ff87062d000 	C:\WINDOWS\system32\combase.dll
0x00007ff86e5f0000 - 0x00007ff86e65a000 	C:\WINDOWS\system32\bcryptPrimitives.dll
0x00007ff8708c0000 - 0x00007ff8708fb000 	C:\WINDOWS\system32\IMM32.DLL
0x000000006bd00000 - 0x000000006bdd2000 	C:\Program Files\Java\jdk1.7.0_71\jre\bin\msvcr100.dll
0x000000006c240000 - 0x000000006ca13000 	C:\Program Files\Java\jdk1.7.0_71\jre\bin\server\jvm.dll
0x00007ff86f6e0000 - 0x00007ff86f6e8000 	C:\WINDOWS\system32\PSAPI.DLL
0x00007ff855260000 - 0x00007ff855269000 	C:\WINDOWS\SYSTEM32\WSOCK32.dll
0x00007ff870220000 - 0x00007ff87028b000 	C:\WINDOWS\system32\WS2_32.dll
0x00007ff86cb50000 - 0x00007ff86cb73000 	C:\WINDOWS\SYSTEM32\WINMM.dll
0x00007ff86c840000 - 0x00007ff86c86c000 	C:\WINDOWS\SYSTEM32\WINMMBASE.dll
0x00007ff86ecb0000 - 0x00007ff86ecf3000 	C:\WINDOWS\system32\cfgmgr32.dll
0x000000006c230000 - 0x000000006c23f000 	C:\Program Files\Java\jdk1.7.0_71\jre\bin\verify.dll
0x000000006c200000 - 0x000000006c228000 	C:\Program Files\Java\jdk1.7.0_71\jre\bin\java.dll
0x000000006c1e0000 - 0x000000006c1f5000 	C:\Program Files\Java\jdk1.7.0_71\jre\bin\zip.dll

VM Arguments:
jvm_args: -Djava.awt.headless=true -Xmx4g -Dfile.encoding=UTF-8 -Duser.country=CA -Duser.language=en -Duser.variant 
java_command: com.android.dx.command.Main --dex --force-jumbo --multi-dex --output C:\Users\kykrueger\Documents\SoftwareProjects\chatcatAndroid\Chatcat-Android\app\build\intermediates\transforms\dex\debug\folders\1000\10\scribe-1.3.7_1989562ae0d9730995ced9abf6daa72910d8098d C:\Users\kykrueger\.gradle\caches\modules-2\files-2.1\org.scribe\scribe\1.3.7\583921bed46635d9f529ef5f14f7c9e83367bc6e\scribe-1.3.7.jar
Launcher Type: SUN_STANDARD

Environment Variables:
PATH=C:\Program Files (x86)\Mozilla Firefox;C:\ProgramData\Oracle\Java\javapath;C:\Program Files\Java\jdk1.7.0_71\bin; C:\WinAVR-20100110\bin;C:\WinAVR-20100110\utils\bin;C:\Program Files (x86)\Intel\iCLS Client\;C:\Program Files\Intel\iCLS Client\;C:\WINDOWS\system32;C:\WINDOWS;C:\WINDOWS\System32\Wbem;C:\WINDOWS\System32\WindowsPowerShell\v1.0\;C:\Program Files (x86)\Intel\OpenCL SDK\3.0\bin\x86;C:\Program Files (x86)\Intel\OpenCL SDK\3.0\bin\x64;C:\Program Files\Intel\Intel(R) Management Engine Components\DAL;C:\Program Files\Intel\Intel(R) Management Engine Components\IPT;C:\Program Files (x86)\Intel\Intel(R) Management Engine Components\DAL;C:\Program Files (x86)\Intel\Intel(R) Management Engine Components\IPT;C:\Program Files (x86)\MiKTeX 2.9\miktex\bin\;C:\Program Files\Microsoft\Web Platform Installer\;C:\Program Files (x86)\Microsoft ASP.NET\ASP.NET Web Pages\v1.0\;C:\Program Files (x86)\Windows Kits\8.0\Windows Performance Toolkit\;C:\Program Files\Microsoft SQL Server\110\Tools\Binn\;C:\Program Files\MiKTeX 2.9\miktex\bin\x64\;C:\WINDOWS\system32;C:\WINDOWS;C:\WINDOWS\System32\Wbem;C:\WINDOWS\System32\WindowsPowerShell\v1.0\;C:\Program Files (x86)\Skype\Phone\;C:\Program Files\MATLAB\R2013a\runtime\win64;C:\Program Files\MATLAB\R2013a\bin;C:\Program Files\Git\cmd;C:\Program Files (x86)\Heroku\bin;C:\Users\kykrueger\AppData\Local\Programs\Python\Python35-32\Scripts\;C:\Users\kykrueger\AppData\Local\Programs\Python\Python35-32\
USERNAME=kykrueger
OS=Windows_NT
PROCESSOR_IDENTIFIER=Intel64 Family 6 Model 69 Stepping 1, GenuineIntel



---------------  S Y S T E M  ---------------

OS: Windows 8.1 , 64 bit Build 9600 

CPU:total 4 (2 cores per cpu, 2 threads per core) family 6 model 69 stepping 1, cmov, cx8, fxsr, mmx, sse, sse2, sse3, ssse3, sse4.1, sse4.2, popcnt, avx, avx2, aes, erms, ht, tsc, tscinvbit

Memory: 4k page, physical 8266008k(495004k free), swap 20236960k(5968k free)

vm_info: Java HotSpot(TM) 64-Bit Server VM (24.71-b01) for windows-amd64 JRE (1.7.0_71-b14), built on Sep 26 2014 16:16:12 by "java_re" with unknown MS VC++:1600

time: Mon Sep 05 17:14:56 2016
elapsed time: 0 seconds

